During startup - Warning messages:
1: Setting LC_CTYPE failed, using "C" 
2: Setting LC_COLLATE failed, using "C" 
3: Setting LC_TIME failed, using "C" 
4: Setting LC_MESSAGES failed, using "C" 
5: Setting LC_MONETARY failed, using "C" 
6: Setting LC_PAPER failed, using "C" 
7: Setting LC_MEASUREMENT failed, using "C" 
During startup - Warning messages:
1: Setting LC_CTYPE failed, using "C" 
2: Setting LC_COLLATE failed, using "C" 
3: Setting LC_TIME failed, using "C" 
4: Setting LC_MESSAGES failed, using "C" 
5: Setting LC_MONETARY failed, using "C" 
6: Setting LC_PAPER failed, using "C" 
7: Setting LC_MEASUREMENT failed, using "C" 
v skipped target sbc_model_file
v skipped target id
v skipped target model
v skipped target sbc_id
v skipped target sim
v skipped target session_info
v skipped target sbc_model
v skipped branch sim_20_387ee61c09221b66
v skipped branch sim_20_98d4356e926b6223
v skipped branch sim_20_e00cccbc72118ac5
v skipped branch sim_20_f125890805e2ef1a
v skipped branch sim_20_a5b4e5ca51a72df2
v skipped branch sim_20_b83abdf372cc91c0
v skipped branch sim_20_39e0ef0c9f06deb0
v skipped branch sim_20_cd58721c61bd4587
v skipped branch sim_20_ce5c9221cd62e8f3
v skipped branch sim_20_f5597864c4d88897
v skipped branch sim_20_bcf8fc139813874f
v skipped branch sim_20_4df3f556a5ca078b
v skipped branch sim_20_b649de1d9e996cea
v skipped branch sim_20_090e34b4b2b57ab5
v skipped branch sim_20_416c62a388cd6a00
v skipped branch sim_20_73b06c11ac7ca82b
v skipped branch sim_20_27f0534596d2be0a
v skipped branch sim_20_12a1877394622df1
v skipped branch sim_20_1226ef08b72d9420
v skipped branch sim_20_95f1d890dd7d162d
v skipped branch sim_20_159e73d35bc8be51
v skipped branch sim_20_492ddb4ff03e65cc
v skipped branch sim_20_c744f69783c90475
v skipped branch sim_20_919ffbfe96c2e6e2
v skipped branch sim_20_29415becf08cdb2f
v skipped branch sim_20_ccba498a61fa47d7
v skipped branch sim_20_2f8c1e08965979ba
v skipped branch sim_20_70ca07869e030a97
v skipped branch sim_20_185f81fa9d6d5aaa
v skipped branch sim_20_646b540a1e0b0712
v skipped branch sim_20_dce69737388c6ba1
v skipped branch sim_20_90e563076a09cfa6
v skipped branch sim_20_de3c1af9dda6455c
v skipped branch sim_20_933acc2fcbd33bfe
v skipped branch sim_20_e46676fbcd425be8
v skipped branch sim_20_7e60205ecb584f61
v skipped branch sim_20_9973ab022094a421
v skipped branch sim_20_8b7815d341446e7a
v skipped branch sim_20_7ce3167d47fb57e5
v skipped branch sim_20_eb5e6d6a8c10391d
v skipped branch sim_20_24355d0965645340
v skipped branch sim_20_fb527e570d651b60
v skipped branch sim_20_7f3483e61217ea11
v skipped branch sim_20_95fb53f3d048e688
v skipped branch sim_20_5485a6d16e9c56a7
v skipped branch sim_20_3c5cfa2f1c318505
v skipped branch sim_20_2de2b55ecf90e48d
v skipped branch sim_20_0761edf4898380c5
v skipped branch sim_20_56e0a0bfee5d5df6
v skipped branch sim_20_6a7598ee86b8cf47
v skipped branch sim_20_c1cc84c6d21c218f
v skipped branch sim_20_e9ec6bd24344591d
v skipped branch sim_20_cf25baa9a8094ae3
v skipped branch sim_20_f8e1c5322683befb
v skipped branch sim_20_794028a7db148aa9
v skipped branch sim_20_cba1fe448174dfe6
v skipped branch sim_20_9906d46f7e53b7e3
v skipped branch sim_20_a8dd7fab176f91c7
v skipped branch sim_20_344f5f3552b7c0fd
v skipped branch sim_20_19eebb1acfb8f9e7
v skipped branch sim_20_2a968c8d12c5b22a
v skipped branch sim_20_5d12ca67e548c00b
v skipped branch sim_20_7ac1c977d9835cb7
v skipped branch sim_20_035aba1db3dd60fd
v skipped branch sim_20_e64b0886c85091e7
v skipped branch sim_20_26eb9ea60e9b4da6
v skipped branch sim_20_868a398817b88456
v skipped branch sim_20_f79be68e8b876b8b
v skipped branch sim_20_7ada41ea55592c4e
v skipped branch sim_20_f044c37124370433
v skipped branch sim_20_142100de72813e2a
v skipped branch sim_20_c78919af858a2c06
v skipped branch sim_20_40b14ccc5f2c38cc
v skipped branch sim_20_a09c6fb8c676c9d3
v skipped branch sim_20_7672e34596a4f896
v skipped branch sim_20_0e0e7a252ed93746
v skipped branch sim_20_c7d504bec88fbbd0
v skipped branch sim_20_49de7df401f3c2c4
v skipped branch sim_20_7b45c1d22b7576c8
v skipped branch sim_20_7b35346a0ad2b8b4
v skipped branch sim_20_3f09d48352b23c37
v skipped branch sim_20_29156b7e820f6933
v skipped branch sim_20_756b7e1595875bc8
v skipped branch sim_20_f986a86b2c8c64bb
v skipped branch sim_20_8cac8ae0dd12091e
v skipped branch sim_20_30e11c53a795b936
v skipped branch sim_20_3ebca52868772fb4
v skipped branch sim_20_a32eb8f70ef6108f
v skipped branch sim_20_e3c3173ab0dbc911
v skipped branch sim_20_57de187edcc84fdd
v skipped branch sim_20_40792a14791e1237
v skipped branch sim_20_04476944b48d4367
v skipped branch sim_20_915626926ff56a1d
v skipped branch sim_20_9b8eb2e996507cb0
v skipped branch sim_20_a746e85355d2314b
v skipped branch sim_20_2eb577731dfaa9c6
v skipped branch sim_20_2453943621223e75
v skipped branch sim_20_d246f94245a27059
v skipped branch sim_20_916c7aacff0c2978
v skipped branch sim_20_b6fa4a1e29b5d85d
v skipped pattern sim_20
v skipped branch sim_50_387ee61c09221b66
v skipped branch sim_50_98d4356e926b6223
v skipped branch sim_50_e00cccbc72118ac5
v skipped branch sim_50_f125890805e2ef1a
v skipped branch sim_50_a5b4e5ca51a72df2
v skipped branch sim_50_b83abdf372cc91c0
v skipped branch sim_50_39e0ef0c9f06deb0
v skipped branch sim_50_cd58721c61bd4587
v skipped branch sim_50_ce5c9221cd62e8f3
v skipped branch sim_50_f5597864c4d88897
v skipped branch sim_50_bcf8fc139813874f
v skipped branch sim_50_4df3f556a5ca078b
v skipped branch sim_50_b649de1d9e996cea
v skipped branch sim_50_090e34b4b2b57ab5
v skipped branch sim_50_416c62a388cd6a00
v skipped branch sim_50_73b06c11ac7ca82b
v skipped branch sim_50_27f0534596d2be0a
v skipped branch sim_50_12a1877394622df1
v skipped branch sim_50_1226ef08b72d9420
v skipped branch sim_50_95f1d890dd7d162d
v skipped branch sim_50_159e73d35bc8be51
v skipped branch sim_50_492ddb4ff03e65cc
v skipped branch sim_50_c744f69783c90475
v skipped branch sim_50_919ffbfe96c2e6e2
v skipped branch sim_50_29415becf08cdb2f
v skipped branch sim_50_ccba498a61fa47d7
v skipped branch sim_50_2f8c1e08965979ba
v skipped branch sim_50_70ca07869e030a97
v skipped branch sim_50_185f81fa9d6d5aaa
v skipped branch sim_50_646b540a1e0b0712
v skipped branch sim_50_dce69737388c6ba1
v skipped branch sim_50_90e563076a09cfa6
v skipped branch sim_50_de3c1af9dda6455c
v skipped branch sim_50_933acc2fcbd33bfe
v skipped branch sim_50_e46676fbcd425be8
v skipped branch sim_50_7e60205ecb584f61
v skipped branch sim_50_9973ab022094a421
v skipped branch sim_50_8b7815d341446e7a
v skipped branch sim_50_7ce3167d47fb57e5
v skipped branch sim_50_eb5e6d6a8c10391d
v skipped branch sim_50_24355d0965645340
v skipped branch sim_50_fb527e570d651b60
v skipped branch sim_50_7f3483e61217ea11
v skipped branch sim_50_95fb53f3d048e688
v skipped branch sim_50_5485a6d16e9c56a7
v skipped branch sim_50_3c5cfa2f1c318505
v skipped branch sim_50_2de2b55ecf90e48d
v skipped branch sim_50_0761edf4898380c5
v skipped branch sim_50_56e0a0bfee5d5df6
v skipped branch sim_50_6a7598ee86b8cf47
v skipped branch sim_50_c1cc84c6d21c218f
v skipped branch sim_50_e9ec6bd24344591d
v skipped branch sim_50_cf25baa9a8094ae3
v skipped branch sim_50_f8e1c5322683befb
v skipped branch sim_50_794028a7db148aa9
v skipped branch sim_50_cba1fe448174dfe6
v skipped branch sim_50_9906d46f7e53b7e3
v skipped branch sim_50_a8dd7fab176f91c7
v skipped branch sim_50_344f5f3552b7c0fd
v skipped branch sim_50_19eebb1acfb8f9e7
v skipped branch sim_50_2a968c8d12c5b22a
v skipped branch sim_50_5d12ca67e548c00b
v skipped branch sim_50_7ac1c977d9835cb7
v skipped branch sim_50_035aba1db3dd60fd
v skipped branch sim_50_e64b0886c85091e7
v skipped branch sim_50_26eb9ea60e9b4da6
v skipped branch sim_50_868a398817b88456
v skipped branch sim_50_f79be68e8b876b8b
v skipped branch sim_50_7ada41ea55592c4e
v skipped branch sim_50_f044c37124370433
v skipped branch sim_50_142100de72813e2a
v skipped branch sim_50_c78919af858a2c06
v skipped branch sim_50_40b14ccc5f2c38cc
v skipped branch sim_50_a09c6fb8c676c9d3
v skipped branch sim_50_7672e34596a4f896
v skipped branch sim_50_0e0e7a252ed93746
v skipped branch sim_50_c7d504bec88fbbd0
v skipped branch sim_50_49de7df401f3c2c4
v skipped branch sim_50_7b45c1d22b7576c8
v skipped branch sim_50_7b35346a0ad2b8b4
v skipped branch sim_50_3f09d48352b23c37
v skipped branch sim_50_29156b7e820f6933
v skipped branch sim_50_756b7e1595875bc8
v skipped branch sim_50_f986a86b2c8c64bb
v skipped branch sim_50_8cac8ae0dd12091e
v skipped branch sim_50_30e11c53a795b936
v skipped branch sim_50_3ebca52868772fb4
v skipped branch sim_50_a32eb8f70ef6108f
v skipped branch sim_50_e3c3173ab0dbc911
v skipped branch sim_50_57de187edcc84fdd
v skipped branch sim_50_40792a14791e1237
v skipped branch sim_50_04476944b48d4367
v skipped branch sim_50_915626926ff56a1d
v skipped branch sim_50_9b8eb2e996507cb0
v skipped branch sim_50_a746e85355d2314b
v skipped branch sim_50_2eb577731dfaa9c6
v skipped branch sim_50_2453943621223e75
v skipped branch sim_50_d246f94245a27059
v skipped branch sim_50_916c7aacff0c2978
v skipped branch sim_50_b6fa4a1e29b5d85d
v skipped pattern sim_50
v skipped branch sim_100_387ee61c09221b66
v skipped branch sim_100_98d4356e926b6223
v skipped branch sim_100_e00cccbc72118ac5
v skipped branch sim_100_f125890805e2ef1a
v skipped branch sim_100_a5b4e5ca51a72df2
v skipped branch sim_100_b83abdf372cc91c0
v skipped branch sim_100_39e0ef0c9f06deb0
v skipped branch sim_100_cd58721c61bd4587
v skipped branch sim_100_ce5c9221cd62e8f3
v skipped branch sim_100_f5597864c4d88897
v skipped branch sim_100_bcf8fc139813874f
v skipped branch sim_100_4df3f556a5ca078b
v skipped branch sim_100_b649de1d9e996cea
v skipped branch sim_100_090e34b4b2b57ab5
v skipped branch sim_100_416c62a388cd6a00
v skipped branch sim_100_73b06c11ac7ca82b
v skipped branch sim_100_27f0534596d2be0a
v skipped branch sim_100_12a1877394622df1
v skipped branch sim_100_1226ef08b72d9420
v skipped branch sim_100_95f1d890dd7d162d
v skipped branch sim_100_159e73d35bc8be51
v skipped branch sim_100_492ddb4ff03e65cc
v skipped branch sim_100_c744f69783c90475
v skipped branch sim_100_919ffbfe96c2e6e2
v skipped branch sim_100_29415becf08cdb2f
v skipped branch sim_100_ccba498a61fa47d7
v skipped branch sim_100_2f8c1e08965979ba
v skipped branch sim_100_70ca07869e030a97
v skipped branch sim_100_185f81fa9d6d5aaa
v skipped branch sim_100_646b540a1e0b0712
v skipped branch sim_100_dce69737388c6ba1
v skipped branch sim_100_90e563076a09cfa6
v skipped branch sim_100_de3c1af9dda6455c
v skipped branch sim_100_933acc2fcbd33bfe
v skipped branch sim_100_e46676fbcd425be8
v skipped branch sim_100_7e60205ecb584f61
v skipped branch sim_100_9973ab022094a421
v skipped branch sim_100_8b7815d341446e7a
v skipped branch sim_100_7ce3167d47fb57e5
v skipped branch sim_100_eb5e6d6a8c10391d
v skipped branch sim_100_24355d0965645340
v skipped branch sim_100_fb527e570d651b60
v skipped branch sim_100_7f3483e61217ea11
v skipped branch sim_100_95fb53f3d048e688
v skipped branch sim_100_5485a6d16e9c56a7
v skipped branch sim_100_3c5cfa2f1c318505
v skipped branch sim_100_2de2b55ecf90e48d
v skipped branch sim_100_0761edf4898380c5
v skipped branch sim_100_56e0a0bfee5d5df6
v skipped branch sim_100_6a7598ee86b8cf47
v skipped branch sim_100_c1cc84c6d21c218f
v skipped branch sim_100_e9ec6bd24344591d
v skipped branch sim_100_cf25baa9a8094ae3
v skipped branch sim_100_f8e1c5322683befb
v skipped branch sim_100_794028a7db148aa9
v skipped branch sim_100_cba1fe448174dfe6
v skipped branch sim_100_9906d46f7e53b7e3
v skipped branch sim_100_a8dd7fab176f91c7
v skipped branch sim_100_344f5f3552b7c0fd
v skipped branch sim_100_19eebb1acfb8f9e7
v skipped branch sim_100_2a968c8d12c5b22a
v skipped branch sim_100_5d12ca67e548c00b
v skipped branch sim_100_7ac1c977d9835cb7
v skipped branch sim_100_035aba1db3dd60fd
v skipped branch sim_100_e64b0886c85091e7
v skipped branch sim_100_26eb9ea60e9b4da6
v skipped branch sim_100_868a398817b88456
v skipped branch sim_100_f79be68e8b876b8b
v skipped branch sim_100_7ada41ea55592c4e
v skipped branch sim_100_f044c37124370433
v skipped branch sim_100_142100de72813e2a
v skipped branch sim_100_c78919af858a2c06
v skipped branch sim_100_40b14ccc5f2c38cc
v skipped branch sim_100_a09c6fb8c676c9d3
v skipped branch sim_100_7672e34596a4f896
v skipped branch sim_100_0e0e7a252ed93746
v skipped branch sim_100_c7d504bec88fbbd0
v skipped branch sim_100_49de7df401f3c2c4
v skipped branch sim_100_7b45c1d22b7576c8
v skipped branch sim_100_7b35346a0ad2b8b4
v skipped branch sim_100_3f09d48352b23c37
v skipped branch sim_100_29156b7e820f6933
v skipped branch sim_100_756b7e1595875bc8
v skipped branch sim_100_f986a86b2c8c64bb
v skipped branch sim_100_8cac8ae0dd12091e
v skipped branch sim_100_30e11c53a795b936
v skipped branch sim_100_3ebca52868772fb4
v skipped branch sim_100_a32eb8f70ef6108f
v skipped branch sim_100_e3c3173ab0dbc911
v skipped branch sim_100_57de187edcc84fdd
v skipped branch sim_100_40792a14791e1237
v skipped branch sim_100_04476944b48d4367
v skipped branch sim_100_915626926ff56a1d
v skipped branch sim_100_9b8eb2e996507cb0
v skipped branch sim_100_a746e85355d2314b
v skipped branch sim_100_2eb577731dfaa9c6
v skipped branch sim_100_2453943621223e75
v skipped branch sim_100_d246f94245a27059
v skipped branch sim_100_916c7aacff0c2978
v skipped branch sim_100_b6fa4a1e29b5d85d
v skipped pattern sim_100
v skipped target fit
v skipped target sbc_backend
v skipped target sbc_generator
v skipped branch results_20_20963f957fab70a7
v skipped branch results_20_cf3ac71cf2fff532
v skipped branch results_20_8086a57933b796f5
v skipped branch results_20_2711bbc52a87d70b
v skipped branch results_20_a884f1bfad4012e3
v skipped branch results_20_aacea95246ab583f
v skipped branch results_20_d85e5386babe8f77
v skipped branch results_20_691b4ade1c7bf5d1
v skipped branch results_20_e793973dd27a94f9
v skipped branch results_20_eb315096b4ca18ba
v skipped branch results_20_209db059ac24240c
v skipped branch results_20_81f3441add716fbe
v skipped branch results_20_5c7f0bd8fc4432c7
v skipped branch results_20_2adc7cec169d5a3f
v skipped branch results_20_c3a06a16873cdfa4
v skipped branch results_20_e6dc714c1da403a3
v skipped branch results_20_ebc6a63d740a7004
v skipped branch results_20_5c690c19c8836dfd
v skipped branch results_20_858f6d6f5ff76604
v skipped branch results_20_6d9c0da0ee2895b7
v skipped branch results_20_90c043c97da2ddc0
v skipped branch results_20_0ee03d7feec656e5
v skipped branch results_20_dcd9c8e9dfa6a6c9
v skipped branch results_20_12ad6b56d968550e
v skipped branch results_20_cbd3fa8a7ff30c88
v skipped branch results_20_ab53b15d0e706d17
v skipped branch results_20_0bb483fa91a742cd
v skipped branch results_20_3c15fdc7a4e1fac0
v skipped branch results_20_ebd69535a5b19ee3
v skipped branch results_20_c7136adafccf53a2
v skipped branch results_20_3b28892b7f38938e
v skipped branch results_20_90cb67b7368ef385
v skipped branch results_20_3ce3d3033482e4e3
v skipped branch results_20_bd8548b33422537e
v skipped branch results_20_0b1b3638e9e375e4
v skipped branch results_20_fa109f110dae543f
v skipped branch results_20_79659ee9cf59eb63
v skipped branch results_20_6c06f15ae5b26bb5
v skipped branch results_20_ec5fb5f6243fdfcd
v skipped branch results_20_98b1c2f0a13fe274
v skipped branch results_20_6a614416406632f1
v skipped branch results_20_3151b391f22dbe67
v skipped branch results_20_716eda224484fb2e
v skipped branch results_20_801e458f29a1b364
v skipped branch results_20_4599c205662b03fd
v skipped branch results_20_7aad185b68dbd2d1
v skipped branch results_20_c04888f02f978f5a
v skipped branch results_20_d8dac8205a8fd076
v skipped branch results_20_613f9592ffc60b99
v skipped branch results_20_df03d456051a266e
v skipped branch results_20_70e7a140319541e0
v skipped branch results_20_531e485a8b82fc74
v skipped branch results_20_b3e78f6c7d19a945
v skipped branch results_20_fd3857dbdfce9275
v skipped branch results_20_23a6823def65e0ca
v skipped branch results_20_0a120ee0120c7332
v skipped branch results_20_6980a302020733bd
v skipped branch results_20_eed80a5efbe18610
v skipped branch results_20_d8067f1fecfdb6bc
v skipped branch results_20_6b3e4d74331ac16a
v skipped branch results_20_3eef5db5dd4386a7
v skipped branch results_20_7762cb46e683638a
v skipped branch results_20_3e7ee29022a2e661
v skipped branch results_20_55e5ca3021ae19e1
v skipped branch results_20_f0e0d369ba595016
v skipped branch results_20_d20375763aecef3a
v skipped branch results_20_58f7a36304d85baa
v skipped branch results_20_a89f6406b55f16b0
v skipped branch results_20_b6bb6a555018816e
v skipped branch results_20_be5a58cc792880c7
v skipped branch results_20_942ee88dc6566a09
v skipped branch results_20_9998cf5c97619f26
v skipped branch results_20_b0605699095a5f8e
v skipped branch results_20_385f5935065d6933
v skipped branch results_20_73ce430d5e4b48f3
v skipped branch results_20_c5207d1e2c309958
v skipped branch results_20_2262c3f8f89dcf3e
v skipped branch results_20_626e44d702f27b91
v skipped branch results_20_e636bff035b2e1d0
v skipped branch results_20_0a179c37be2ec41d
v skipped branch results_20_c53d9967c2492e06
v skipped branch results_20_a77f9972bc6dfa6a
v skipped branch results_20_73fb52db65e61426
v skipped branch results_20_5cf8d3096451532e
v skipped branch results_20_f983519a47a71387
v skipped branch results_20_661af4139d6f9238
v skipped branch results_20_454a69e320cdebf0
v skipped branch results_20_b5e935cf507153f9
v skipped branch results_20_772e261e4b9f033d
v skipped branch results_20_a4092daa98666859
v skipped branch results_20_d37dde38b3845a55
v skipped branch results_20_1e41b15b47b0dbae
v skipped branch results_20_31d0530cd2f0cce0
v skipped branch results_20_263dd9c6c6a0d76d
v skipped branch results_20_63bf9aa109c1425a
v skipped branch results_20_bbde45ffd1a01438
v skipped branch results_20_ae81cde00252c747
v skipped branch results_20_b2b5ba8469ed3042
v skipped branch results_20_bd64bf668d30e563
v skipped branch results_20_e3d8d3f3e6e52a73
v skipped pattern results_20
v skipped branch results_50_8c5c35faa7cc09e5
v skipped branch results_50_91fd4cf725ab70bd
v skipped branch results_50_72a0b0b262b3f574
v skipped branch results_50_5c6497ddda9f343e
v skipped branch results_50_4f1d8f81f084ee75
v skipped branch results_50_e1717e3877db4c40
v skipped branch results_50_d52d49698f73ffa4
v skipped branch results_50_6cf78dbac16f8e66
v skipped branch results_50_b30cadc391e84afa
v skipped branch results_50_8be1e3eb0160fba4
v skipped branch results_50_48764a88b97c7f55
v skipped branch results_50_fdfa82f5b7008c6f
v skipped branch results_50_43e65552be1443de
v skipped branch results_50_14f8f55a0699fb81
v skipped branch results_50_afe13145b82804d6
v skipped branch results_50_b028a5f0f6dd407c
v skipped branch results_50_6b23dce6e017144e
v skipped branch results_50_27e13aa676e1ca8e
v skipped branch results_50_9745c8a6b4eaf9f1
v skipped branch results_50_38a336a392cb8edc
v skipped branch results_50_6278e0eb7a07ef0a
v skipped branch results_50_94211d4970ecccf6
v skipped branch results_50_2ffd90bdc6580e40
v skipped branch results_50_d27a58ad8db57207
v skipped branch results_50_904f6221c076745d
v skipped branch results_50_cda85a5db1aa1924
v skipped branch results_50_fcd23d6ead8893cd
v skipped branch results_50_475b8c8b92966ba2
v skipped branch results_50_5a3692d244c5ff85
v skipped branch results_50_fc80f068d254128d
v skipped branch results_50_9762728697033a26
v skipped branch results_50_b0d7c01b832e8966
v skipped branch results_50_372cef474e1db23c
v skipped branch results_50_90b4e3e0fd91fcfb
v skipped branch results_50_5aafb86d323099a3
v skipped branch results_50_4e10fc544f6404d5
v skipped branch results_50_5e8b2c031190a85f
v skipped branch results_50_fa0c5e3416d8213a
v skipped branch results_50_7db005e73aaf7e4e
v skipped branch results_50_fb049e6c870d6122
v skipped branch results_50_41b3e05c9f4b620a
v skipped branch results_50_15b73c1c6110d700
v skipped branch results_50_63258db0c59ae641
v skipped branch results_50_0638dfd955935aae
v skipped branch results_50_6a61fd3bc36aae70
v skipped branch results_50_a095aee16c678f42
v skipped branch results_50_69f5bca76e873065
v skipped branch results_50_ab1125b42b872068
v skipped branch results_50_9b2848bc6c1a1718
v skipped branch results_50_c81e2f6ff0388c90
v skipped branch results_50_981098cd58118264
v skipped branch results_50_03290faed17f0623
v skipped branch results_50_0f475d0c2945a10b
v skipped branch results_50_86d78804188d4b10
v skipped branch results_50_914dab412ce6ecc6
v skipped branch results_50_494ac8fb70ddd17c
v skipped branch results_50_c664493c854cdcde
v skipped branch results_50_c7ecef5b43ee4263
v skipped branch results_50_aa0db21cb5e0dc0a
v skipped branch results_50_cf8f8c653e66b729
v skipped branch results_50_a741a3f9802db41d
v skipped branch results_50_6fded1d5133eb2fc
v skipped branch results_50_1f9bb6eb0c35a59f
v skipped branch results_50_fd0298aca14231df
v skipped branch results_50_455148a939498ef9
v skipped branch results_50_0f5051794480f1e4
v skipped branch results_50_3f8974f0a34d82e9
v skipped branch results_50_adecdc2e7666e74b
v skipped branch results_50_90936166fd1e21f9
v skipped branch results_50_d4c2be5a5a09cbde
v skipped branch results_50_0f846fb1412e3e79
v skipped branch results_50_52675575477718a0
v skipped branch results_50_047729ea235a5b5a
v skipped branch results_50_5b3d2fb3bcfb8ba5
v skipped branch results_50_7993032901d047d9
v skipped branch results_50_5d5ef1860f3f0077
v skipped branch results_50_a107ed57f49803af
v skipped branch results_50_9f08b60c2c9b30b0
v skipped branch results_50_f8649fe870982a00
v skipped branch results_50_83f28570e88f200a
v skipped branch results_50_ee3e5e097776a2f0
v skipped branch results_50_10c30ed409b89fb4
v skipped branch results_50_0b6ff85062c1fad1
v skipped branch results_50_575856de08fbb435
v skipped branch results_50_9eef7a32901e6350
v skipped branch results_50_0da386fb64ed99d3
v skipped branch results_50_fab757a3d60edbaf
v skipped branch results_50_9ade4f447a8895ee
v skipped branch results_50_f8941b2d561b62bb
v skipped branch results_50_4078b075c1acd043
v skipped branch results_50_779ecf45484f52c2
v skipped branch results_50_ecce53a73e3c197c
v skipped branch results_50_f871b03b02fdd93a
v skipped branch results_50_2977dba629ab3cfb
v skipped branch results_50_4adf709d35069abd
v skipped branch results_50_307e0b0db7ffaf50
v skipped branch results_50_eb822b0fe7e8bbe4
v skipped branch results_50_b97317a6287fd871
v skipped branch results_50_faacb37fa427d574
v skipped branch results_50_2891859553c2104f
v skipped pattern results_50
v skipped branch results_100_0498b2bd46caec1c
v skipped branch results_100_1edf5dcc720b81b8
v skipped branch results_100_100c6f13ec64886d
v skipped branch results_100_2d23f853857b12b4
v skipped branch results_100_8280dd6078055665
v skipped branch results_100_d450b0c4eeab11c4
v skipped branch results_100_0bbc0f491b768f6d
v skipped branch results_100_3a45663f93e25c41
v skipped branch results_100_340d2470e46f2969
v skipped branch results_100_33ec6dc69117326e
v skipped branch results_100_8f0b2d48f740d5b5
v skipped branch results_100_f0c9318fe22e9ead
v skipped branch results_100_26d19db278a17ca8
v skipped branch results_100_b3700d8892d51056
v skipped branch results_100_e9001eb11e518845
v skipped branch results_100_21e800b3a0a01ac8
v skipped branch results_100_eb914b9fde345d81
v skipped branch results_100_2eb510c895b9aa5f
v skipped branch results_100_04cd3f06a12d2541
v skipped branch results_100_a4855de47653d5d7
v skipped branch results_100_36f832c817198259
v skipped branch results_100_0897dbc1d2e1fee2
v skipped branch results_100_313d8f1a84686ea8
v skipped branch results_100_9b0b228030f03ea5
v skipped branch results_100_f14fd7ad40663ec1
v skipped branch results_100_ef33d623dbb111a1
v skipped branch results_100_e7ab62ae4a03bb12
v skipped branch results_100_99cd13a48e4b0bc0
v skipped branch results_100_4da2c2f54fa823a6
v skipped branch results_100_6b07fcaea2d90fb1
v skipped branch results_100_d65052b01e4379cf
v skipped branch results_100_10375d116824ff7f
v skipped branch results_100_23710ee5c21d46f3
v skipped branch results_100_346f70824c707684
v skipped branch results_100_c6982bc197de80af
v skipped branch results_100_6cce59debeaac348
v skipped branch results_100_9a33eb9daf7c68a8
v skipped branch results_100_5740813a8203b433
v skipped branch results_100_b6e0b18ec8d69254
v skipped branch results_100_61985eb3da541e33
v skipped branch results_100_954b9336544e9b69
v skipped branch results_100_976069ba18136892
v skipped branch results_100_f471c19a62008afa
v skipped branch results_100_eccf7744941b04f8
v skipped branch results_100_314649da9b97e6e5
v skipped branch results_100_ad2355d9fb6c3f58
v skipped branch results_100_4f89f066e3c808ad
v skipped branch results_100_9af45da466b13bcf
v skipped branch results_100_d9e6a9ca1754a6d6
v skipped branch results_100_7f52bf41e8a3dbd1
v skipped branch results_100_39ee457089ed1ca6
v skipped branch results_100_56b1fa40e77b2117
v skipped branch results_100_d259c7b3765506bd
v skipped branch results_100_227d062a38643ece
v skipped branch results_100_4b0f88d3a0f5afd1
v skipped branch results_100_b18c4257e465566e
v skipped branch results_100_f100d245a1b17b94
v skipped branch results_100_4929af58848411eb
v skipped branch results_100_973764d2f82e9c77
v skipped branch results_100_afebb3c98a84b0fd
v skipped branch results_100_eca9acdc65bcf1fe
v skipped branch results_100_edb4e9027400341a
v skipped branch results_100_9f6fbd179ba99116
v skipped branch results_100_9ec26759b93d4683
v skipped branch results_100_6b2e20999e51a919
v skipped branch results_100_d1362c3392ea4455
v skipped branch results_100_c5236dcddd924032
v skipped branch results_100_8935ab326c773d45
v skipped branch results_100_aa6de4bbe80b1ee2
v skipped branch results_100_5aa38b972737f515
v skipped branch results_100_b59e5b1baa85f6a4
v skipped branch results_100_9b6d7c808a033281
v skipped branch results_100_8c65b2de3b3ba1a7
v skipped branch results_100_287deac0cf53ee78
v skipped branch results_100_aeceb98adb82287b
v skipped branch results_100_adf6087e87f38019
v skipped branch results_100_da73ebc711b92850
v skipped branch results_100_4577038e0ce75f93
v skipped branch results_100_03798af8a389d40e
v skipped branch results_100_00dc47bcf5126112
v skipped branch results_100_bc2db7725e51c056
v skipped branch results_100_6c26eb423ac8d245
v skipped branch results_100_b00e957601228687
v skipped branch results_100_efc8955e18ffe867
v skipped branch results_100_ee7bef89947e5c53
v skipped branch results_100_41995b05a68c6e02
v skipped branch results_100_fbfc58c7971cecad
v skipped branch results_100_272c2550213e7508
v skipped branch results_100_dbd184ec3608c141
v skipped branch results_100_4fd250cee373672e
v skipped branch results_100_b31d6d4e9b807ba7
v skipped branch results_100_1495a7a0bad175da
v skipped branch results_100_3dff7537e3778259
v skipped branch results_100_e5fa8b6c7137462a
v skipped branch results_100_3df1e4645d4e7993
v skipped branch results_100_594a3bd8ac2bb9eb
v skipped branch results_100_9f51da375905efff
v skipped branch results_100_118d28f9081d611e
v skipped branch results_100_84a456bdfd02be4b
v skipped branch results_100_6cb4a6618b36be3c
v skipped pattern results_100
v skipped target delta_theta_promiscuity
v skipped target delta_theta_spermsize
v skipped branch sbc_datasets_5d5072111e4c6b46
v skipped branch sbc_datasets_4d481a4ed07c24c1
v skipped branch sbc_datasets_162b5d2ff05679a4
v skipped branch sbc_datasets_8e0320f582203dcd
v skipped branch sbc_datasets_96307c4ee21dfe0f
v skipped branch sbc_datasets_493d4b0d25e558a8
v skipped branch sbc_datasets_6dfe3db5e2e3bfd6
v skipped branch sbc_datasets_e2317c242489356e
v skipped branch sbc_datasets_e319aef335356267
v skipped branch sbc_datasets_4fe75bcf73a32f25
v skipped branch sbc_datasets_9af6e791f807efc1
v skipped branch sbc_datasets_2437482b013fd649
v skipped branch sbc_datasets_6b8545fb5f210fb5
v skipped branch sbc_datasets_3bec15f1a430ac21
v skipped branch sbc_datasets_8aabc2c75fe290c2
v skipped branch sbc_datasets_94c376af42a008db
v skipped branch sbc_datasets_2fdea053d6addd45
v skipped branch sbc_datasets_0e27da0ecea6de2a
v skipped branch sbc_datasets_c7f846f96ff11198
v skipped branch sbc_datasets_1a9042f5ba718101
v skipped branch sbc_datasets_fd9dd15d9357e491
v skipped branch sbc_datasets_126ae5295cb7913c
v skipped branch sbc_datasets_8a2014165c7bd552
v skipped branch sbc_datasets_3ccf0df21b87fff1
v skipped branch sbc_datasets_0fe3aad690f1142d
v skipped branch sbc_datasets_34eaf29188ecfc26
v skipped branch sbc_datasets_84f03888b3d550cb
v skipped branch sbc_datasets_ebae9c75a1595acb
v skipped branch sbc_datasets_989513ee58caa1d7
v skipped branch sbc_datasets_f54e3bf8d27a3556
v skipped branch sbc_datasets_85601140856603b0
v skipped branch sbc_datasets_bb83b8c44d71ba37
v skipped branch sbc_datasets_72833094ad1e1209
v skipped branch sbc_datasets_53e0854134635c89
v skipped branch sbc_datasets_ff0cf56c67c77d78
v skipped branch sbc_datasets_eee9366bc718cccd
v skipped branch sbc_datasets_612697d6ea837548
v skipped branch sbc_datasets_8be31d15c16a8ffb
v skipped branch sbc_datasets_3ab7bcc9122ea4b8
v skipped branch sbc_datasets_650825b82562dbc2
v skipped branch sbc_datasets_aeaf4795ceedb983
v skipped branch sbc_datasets_9f29b5e755599d9b
v skipped branch sbc_datasets_ee4f6922fdba1c22
v skipped branch sbc_datasets_723a1a38d95e13a3
v skipped branch sbc_datasets_b919415aaf417d90
v skipped branch sbc_datasets_c481fbf0c3d29828
v skipped branch sbc_datasets_f2fbfbc28b9a6084
v skipped branch sbc_datasets_1bc12e6ec17c944f
v skipped branch sbc_datasets_574873e45716ac05
v skipped branch sbc_datasets_ed2a574d04af9346
v skipped pattern sbc_datasets
v skipped target results
> dispatched target plot_synthetic
Fontconfig warning: ignoring C.UTF-8: not a valid language tag
o completed target plot_synthetic [8.724 seconds]
v skipped branch sbc_results_750873332686412e
v skipped branch sbc_results_6557e8a0e80f2905
v skipped branch sbc_results_e88285d2ba58f5ed
v skipped branch sbc_results_3b65b754ce25b302
v skipped branch sbc_results_cc6eb90f015e2264
v skipped branch sbc_results_ec3c4c34fe81f800
v skipped branch sbc_results_4fe16caa7a314720
v skipped branch sbc_results_774e63354b270cac
v skipped branch sbc_results_80b9e970716df496
v skipped branch sbc_results_bf2980129ec45015
v skipped branch sbc_results_2a6ebebb5a740ce4
v skipped branch sbc_results_dcaf871cfd1f4499
v skipped branch sbc_results_1f6f321d45c359da
v skipped branch sbc_results_e61baa2a81e33ab2
v skipped branch sbc_results_55557f770e4f3642
v skipped branch sbc_results_82b8ea3618eeca39
v skipped branch sbc_results_44081c6d3404b2e0
v skipped branch sbc_results_0906c544082657ea
v skipped branch sbc_results_699ffbd8dc268bb5
v skipped branch sbc_results_ba0f649f9da96fd7
v skipped branch sbc_results_55209e53adb0acc3
v skipped branch sbc_results_5d413baf703e1131
v skipped branch sbc_results_0c793383740068c7
v skipped branch sbc_results_990ed37da21369dc
v skipped branch sbc_results_406389800341c4db
v skipped branch sbc_results_4d043e97c98a4a9a
v skipped branch sbc_results_d90685103fe79582
v skipped branch sbc_results_7227697354bfa01d
v skipped branch sbc_results_4c20d9815c2376c9
v skipped branch sbc_results_84565861b9806d33
v skipped branch sbc_results_299c66db36d0f27a
v skipped branch sbc_results_8eb38b77fad25ba7
v skipped branch sbc_results_3151589e61623fc5
v skipped branch sbc_results_a90eb337a190fab0
v skipped branch sbc_results_dc93738a4fe193e0
v skipped branch sbc_results_e25a5760e9d17545
v skipped branch sbc_results_7cf2b7392222e854
v skipped branch sbc_results_7b7be28e8fae72db
v skipped branch sbc_results_1b36d80a6f5877b3
v skipped branch sbc_results_1cd3463888c6f62e
v skipped branch sbc_results_6f2ffc7cb0d23ce0
v skipped branch sbc_results_1456b2138e2be338
v skipped branch sbc_results_27a59f42dccbbc0f
v skipped branch sbc_results_50cc06859463bac9
v skipped branch sbc_results_f4204eb97ded8325
v skipped branch sbc_results_bf376027eea38695
v skipped branch sbc_results_4766a7ca4c90b80d
v skipped branch sbc_results_bd07be2c6a52c580
v skipped branch sbc_results_eb26e3769ca0caec
v skipped branch sbc_results_97c612b03ddaf864
v skipped pattern sbc_results
v skipped target power
v skipped target sbc_results_combined
> dispatched target plot_sbc2
o completed target plot_sbc2 [3.362 seconds]
> dispatched target plot_sbc1
o completed target plot_sbc1 [1.016 seconds]
> dispatched target manuscript
Warning: Package lipsum Warning: Unknown language 'latin'. Hyphenation patterns for
Warning: (lipsum)                'english' will be used instead.
o completed target manuscript [1.711 minutes]
> ended pipeline [6.62 minutes]
Warning messages:
1: Package `magick` is required to draw images. Image not drawn. 
2: Package `magick` is required to draw images. Image not drawn. 
3: Package `magick` is required to draw images. Image not drawn. 
4: Package `magick` is required to draw images. Image not drawn. 
5: Package `magick` is required to draw images. Image not drawn. 
6: Package `magick` is required to draw images. Image not drawn. 
7: Removed 923 rows containing missing values (`stat_slabinterval()`). 
8: There were 1 divergent transitions after warmup. http://mc-stan.org/misc/warnings.html#divergent-transitions-after-warmup 
9: 2 targets produced warnings. Run targets::tar_meta(fields = warnings, complete_only = TRUE) for the messages. 
